2020-11-01 11:34:53,527 [Worker-2: Loading available Gradle versions] INFO  o.e.b.c.i.u.g.PublishedGradleVersions - Gradle version information cache is up-to-date. Trying to read.
2020-11-01 11:36:49,831 [Worker-1: Loading available Gradle versions] INFO  o.e.b.c.i.u.g.PublishedGradleVersions - Gradle version information cache is up-to-date. Trying to read.
2020-11-01 12:43:59,659 [Worker-4: Loading available Gradle versions] INFO  o.e.b.c.i.u.g.PublishedGradleVersions - Gradle version information cache is up-to-date. Trying to read.
2020-11-02 08:37:06,316 [Worker-9: Loading available Gradle versions] INFO  o.e.b.c.i.u.g.PublishedGradleVersions - Gradle version information cache is up-to-date. Trying to read.
2020-11-03 19:51:37,425 [Worker-1: Loading available Gradle versions] INFO  o.e.b.c.i.u.g.PublishedGradleVersions - Gradle version information cache is out-of-date. Trying to update.
2020-11-03 19:57:48,194 [Worker-5: Loading available Gradle versions] INFO  o.e.b.c.i.u.g.PublishedGradleVersions - Gradle version information cache is up-to-date. Trying to read.
2020-11-03 20:09:17,828 [Worker-0: Loading available Gradle versions] INFO  o.e.b.c.i.u.g.PublishedGradleVersions - Gradle version information cache is up-to-date. Trying to read.
2020-11-03 20:12:13,059 [Start Help Server] INFO  org.eclipse.jetty.util.log - Logging initialized @189572ms to org.eclipse.jetty.util.log.Slf4jLog
2020-11-03 20:12:13,252 [Start Help Server] INFO  org.eclipse.jetty.server.Server - jetty-9.4.31.v20200723; built: 2020-08-03T13:24:06.825Z; git: 450ba27947e13e66baa8cd1ce7e85a4461cacc1d; jvm 14.0.1+7
2020-11-03 20:12:13,268 [Start Help Server] INFO  org.eclipse.jetty.server.session - DefaultSessionIdManager workerName=node0
2020-11-03 20:12:13,268 [Start Help Server] INFO  org.eclipse.jetty.server.session - No SessionScavenger set, using defaults
2020-11-03 20:12:13,269 [Start Help Server] INFO  org.eclipse.jetty.server.session - node0 Scavenging every 600000ms
2020-11-03 20:12:13,291 [Start Help Server] INFO  o.e.j.server.handler.ContextHandler - Started o.e.j.s.ServletContextHandler@388ed067{/help,null,AVAILABLE}
2020-11-03 20:12:13,306 [Start Help Server] INFO  o.e.jetty.server.AbstractConnector - Started ServerConnector@3aed23f6{HTTP/1.1, (http/1.1)}{127.0.0.1:63702}
2020-11-03 20:12:13,306 [Start Help Server] INFO  org.eclipse.jetty.server.Server - Started @189821ms
2020-11-03 20:12:13,306 [Start Help Server] INFO  org.eclipse.jetty.server.session - node0 Scavenging every 660000ms
2020-11-03 20:13:27,247 [Stop Help Server] INFO  o.e.jetty.server.AbstractConnector - Stopped ServerConnector@3aed23f6{HTTP/1.1, (http/1.1)}{127.0.0.1:0}
2020-11-03 20:13:27,247 [Stop Help Server] INFO  org.eclipse.jetty.server.session - node0 Stopped scavenging
2020-11-03 20:13:27,281 [Stop Help Server] INFO  o.e.j.server.handler.ContextHandler - Stopped o.e.j.s.ServletContextHandler@388ed067{/help,null,UNAVAILABLE}
2020-11-03 20:13:40,925 [Worker-1: Loading available Gradle versions] INFO  o.e.b.c.i.u.g.PublishedGradleVersions - Gradle version information cache is up-to-date. Trying to read.
